<?xml version="1.0" encoding="UTF-8"?>
<testng-results ignored="0" total="1" passed="1" failed="0" skipped="0">
  <reporter-output>
  </reporter-output>
  <suite started-at="2021-08-26T16:47:45 EEST" name="Surefire suite" finished-at="2021-08-26T16:47:47 EEST" duration-ms="2850">
    <groups>
    </groups>
    <test started-at="2021-08-26T16:47:45 EEST" name="Surefire test" finished-at="2021-08-26T16:47:47 EEST" duration-ms="2850">
      <class name="webshop.RegisterFormTests">
        <test-method signature="can_register_with_valid_credentials()" started-at="2021-08-26T16:47:45 EEST" name="can_register_with_valid_credentials" finished-at="2021-08-26T16:47:47 EEST" duration-ms="2812" status="PASS">
          <reporter-output>
          </reporter-output>
        </test-method> <!-- can_register_with_valid_credentials -->
      </class> <!-- webshop.RegisterFormTests -->
    </test> <!-- Surefire test -->
  </suite> <!-- Surefire suite -->
</testng-results>
