<?xml version="1.0" encoding="UTF-8"?>
<!-- Generated by org.testng.reporters.JUnitXMLReporter -->
<testsuite ignored="0" hostname="DESKTOP-AI7I6V4" failures="0" tests="25" name="Surefire test" time="192.535" errors="0" timestamp="2021-10-23T13:20:28 EEST">
  <testcase classname="webshop.FilterSidebarTests" name="can_filter_by_blazers" time="1.903"/>
  <testcase classname="webshop.FilterSidebarTests" name="can_filter_by_price_kitchen_devices" time="11.135"/>
  <testcase classname="webshop.FirstPageTests" name="can_access_pages_from_promos" time="5.488"/>
  <testcase classname="webshop.FirstPageTests" name="can_access_slider_links" time="12.883"/>
  <testcase classname="webshop.LoginFormTests" name="can_login_with_valid_credentials" time="5.604"/>
  <testcase classname="webshop.LoginFormTests" name="can_logout" time="4.212"/>
  <testcase classname="webshop.LoginFormTests" name="cannot_login_with_wrong_password" time="2.078"/>
  <testcase classname="webshop.LoginFormTests" name="cannot_login_without_required_credentials" time="0.674"/>
  <testcase classname="webshop.LoginFormTests" name="click_login_links" time="0.625"/>
  <testcase classname="webshop.MenuItemsTests" name="can_access_menu" time="18.999"/>
  <testcase classname="webshop.RegisterFormTests" name="can_register_with_valid_credentials" time="7.249"/>
  <testcase classname="webshop.RegisterFormTests" name="can_register_with_valid_credentials" time="7.174"/>
  <testcase classname="webshop.SearchProductTests" name="can_search_by_name" time="2.963"/>
  <testcase classname="webshop.SearchProductTests" name="can_search_by_name" time="3.199"/>
  <testcase classname="webshop.ShopProductTests" name="can_add_a_review_to_books" time="13.376"/>
  <testcase classname="webshop.ShopProductTests" name="can_add_to_cart_pants" time="7.338"/>
  <testcase classname="webshop.ShopProductTests" name="can_add_to_cart_shirts_men" time="7.369"/>
  <testcase classname="webshop.ShopProductTests" name="can_add_to_wishlist_men_cloths" time="14.785"/>
  <testcase classname="webshop.ShopProductTests" name="can_change_the_quantity" time="7.006"/>
  <testcase classname="webshop.ShopProductTests" name="can_delete_items_from_cart" time="11.863"/>
  <testcase classname="webshop.ShopProductTests" name="can_open_tab" time="9.305"/>
  <testcase classname="webshop.ShopProductTests" name="can_shop_little_ones_things" time="21.329"/>
  <testcase classname="webshop.ShopProductTests" name="check_sum_cart" time="4.378"/>
  <testcase classname="webshop.ShopProductTests" name="verify_success_add_to_cart_msg" time="9.155"/>
  <testcase classname="webshop.ShopProductTests" name="view_cart" time="2.118"/>
</testsuite> <!-- Surefire test -->
