<?xml version="1.0" encoding="UTF-8"?>
<!-- Generated by org.testng.reporters.JUnitXMLReporter -->
<testsuite ignored="0" hostname="DESKTOP-AI7I6V4" failures="0" tests="2" name="Surefire test" time="6.628" errors="0" timestamp="2021-08-27T10:27:57 EEST">
  <testcase classname="webshop.LoginFormTests" name="can_login_with_valid_credentials" time="2.248"/>
  <testcase classname="webshop.RegisterFormTests" name="can_register_with_valid_credentials" time="4.158"/>
</testsuite> <!-- Surefire test -->
