<?xml version="1.0" encoding="UTF-8"?>
<!-- Generated by org.testng.reporters.JUnitXMLReporter -->
<testsuite ignored="0" hostname="DESKTOP-AI7I6V4" failures="0" tests="4" name="Surefire test" time="7.089" errors="0" timestamp="2021-08-26T16:47:44 EEST">
  <testcase classname="demoshop.LoginTest" name="can_login_with_valid_credentials" time="1.089"/>
  <testcase classname="demoshop.LoginTest" name="can_login_with_valid_credentials" time="0.855"/>
  <testcase classname="demoshop.LoginTest" name="can_login_with_valid_credentials" time="0.791"/>
  <testcase classname="demoshop.LoginTest" name="can_open_login_modal" time="0.987"/>
</testsuite> <!-- Surefire test -->
