<?xml version="1.0" encoding="UTF-8"?>
<testng-results ignored="0" total="4" passed="4" failed="0" skipped="0">
  <reporter-output>
  </reporter-output>
  <suite started-at="2021-08-26T16:47:37 EEST" name="Surefire suite" finished-at="2021-08-26T16:47:44 EEST" duration-ms="7089">
    <groups>
    </groups>
    <test started-at="2021-08-26T16:47:37 EEST" name="Surefire test" finished-at="2021-08-26T16:47:44 EEST" duration-ms="7089">
      <class name="demoshop.LoginTest">
        <test-method is-config="true" signature="setup()[pri:0, instance:demoshop.LoginTest@2e55dd0c]" started-at="2021-08-26T16:47:37 EEST" name="setup" finished-at="2021-08-26T16:47:41 EEST" duration-ms="3266" status="PASS">
          <reporter-output>
          </reporter-output>
        </test-method> <!-- setup -->
        <test-method signature="can_login_with_valid_credentials(src.core.models.demoshop.dataprovider.UserForTest)[pri:0, instance:demoshop.LoginTest@2e55dd0c]" started-at="2021-08-26T16:47:41 EEST" name="can_login_with_valid_credentials" description="I can login with valid credentials {0}" data-provider="correct_credentials" finished-at="2021-08-26T16:47:42 EEST" duration-ms="1089" status="PASS">
          <params>
            <param index="0">
              <value>
                <![CDATA[Correct_Login_with_user_dino]]>
              </value>
            </param>
          </params>
          <reporter-output>
          </reporter-output>
        </test-method> <!-- can_login_with_valid_credentials -->
        <test-method signature="can_login_with_valid_credentials(src.core.models.demoshop.dataprovider.UserForTest)[pri:0, instance:demoshop.LoginTest@2e55dd0c]" started-at="2021-08-26T16:47:42 EEST" name="can_login_with_valid_credentials" description="I can login with valid credentials {0}" data-provider="correct_credentials" finished-at="2021-08-26T16:47:43 EEST" duration-ms="855" status="PASS">
          <params>
            <param index="0">
              <value>
                <![CDATA[Correct_Login_with_user_turtle]]>
              </value>
            </param>
          </params>
          <reporter-output>
          </reporter-output>
        </test-method> <!-- can_login_with_valid_credentials -->
        <test-method signature="can_login_with_valid_credentials(src.core.models.demoshop.dataprovider.UserForTest)[pri:0, instance:demoshop.LoginTest@2e55dd0c]" started-at="2021-08-26T16:47:43 EEST" name="can_login_with_valid_credentials" description="I can login with valid credentials {0}" data-provider="correct_credentials" finished-at="2021-08-26T16:47:43 EEST" duration-ms="791" status="PASS">
          <params>
            <param index="0">
              <value>
                <![CDATA[Correct_Login_with_user_beetle]]>
              </value>
            </param>
          </params>
          <reporter-output>
          </reporter-output>
        </test-method> <!-- can_login_with_valid_credentials -->
        <test-method signature="can_open_login_modal()[pri:0, instance:demoshop.LoginTest@2e55dd0c]" started-at="2021-08-26T16:47:43 EEST" name="can_open_login_modal" description="I can open a Demo app Homepage." finished-at="2021-08-26T16:47:44 EEST" duration-ms="987" status="PASS">
          <reporter-output>
          </reporter-output>
        </test-method> <!-- can_open_login_modal -->
      </class> <!-- demoshop.LoginTest -->
    </test> <!-- Surefire test -->
  </suite> <!-- Surefire suite -->
</testng-results>
