-------------------------------------------------------------------------------
Test set: TestSuite
-------------------------------------------------------------------------------
Tests run: 23, Failures: 1, Errors: 0, Skipped: 0, Time elapsed: 247.956 s <<< FAILURE! - in TestSuite
webshop.ShopProductTests.can_view_old_price_on_sale  Time elapsed: 10.031 s  <<< FAILURE!
com.codeborne.selenide.ex.ElementNotFound: 
Element not found {.products-grid .price-box p.old-price[2]}
Expected: visible
Screenshot: file:/C:/Users/Raluca/Documents/testare/proiect/webshop/QA-webshop/build/reports/tests/1632383980629.0.png
Page source: file:/C:/Users/Raluca/Documents/testare/proiect/webshop/QA-webshop/build/reports/tests/1632383980629.0.html
Timeout: 4 s.
Caused by: java.lang.IndexOutOfBoundsException: Index 2 out of bounds for length 2
	at webshop.ShopProductTests.can_view_old_price_on_sale(ShopProductTests.java:61)
Caused by: java.lang.IndexOutOfBoundsException: Index 2 out of bounds for length 2
	at webshop.ShopProductTests.can_view_old_price_on_sale(ShopProductTests.java:61)

