<?xml version="1.0" encoding="UTF-8"?>
<testsuite xmlns:xsi="http://www.w3.org/2001/XMLSchema-instance" xsi:noNamespaceSchemaLocation="https://maven.apache.org/surefire/maven-surefire-plugin/xsd/surefire-test-report-3.0.xsd" version="3.0" name="TestSuite" time="204.858" tests="25" errors="0" skipped="0" failures="3">
  <properties>
[...]
</properties>
  <testcase name="can_filter_by_blazers" classname="webshop.FilterSidebarTests" time="3.568">
    <system-err><![CDATA[[main] ERROR io.qameta.allure.AllureLifecycle - Could not start step: no test case running
[main] INFO com.codeborne.selenide.impl.WebDriverThreadLocalContainer - No webdriver is bound to current thread: 1 - let's create a new webdriver
[main] INFO com.codeborne.selenide.impl.FileHelper - Creating folder: C:\Users\Raluca\Documents\testare\proiect\webshop\QA-webshop\build\downloads\1631008618164_14600_1
[main] INFO io.github.bonigarcia.wdm.WebDriverManager - Using chromedriver 92.0.4515.107 (resolved driver for Chrome 92)
[main] INFO io.github.bonigarcia.wdm.WebDriverManager - Exporting webdriver.chrome.driver as C:\Users\Raluca\.cache\selenium\chromedriver\win32\92.0.4515.107\chromedriver.exe
Starting ChromeDriver 92.0.4515.107 (87a818b10553a07434ea9e2b6dccf3cbe7895134-refs/branch-heads/4515@{#1634}) on port 44948
Only local connections are allowed.
Please see https://chromedriver.chromium.org/security-considerations for suggestions on keeping ChromeDriver safe.
ChromeDriver was started successfully.
sept. 07, 2021 12:56:59 P.M. org.openqa.selenium.remote.ProtocolHandshake createSession
INFO: Detected dialect: W3C
[main] INFO com.codeborne.selenide.webdriver.HttpClientTimeouts - Changed connectTimeout from 120000 to 60000
[main] INFO com.codeborne.selenide.webdriver.HttpClientTimeouts - Changed readTimeout from 10800000 to 120000
[main] INFO com.codeborne.selenide.webdriver.BrowserResizer - Set browser size to 1366x768
[main] INFO com.codeborne.selenide.webdriver.WebDriverFactory - BrowserName=chrome Version=92.0.4515.159 Platform=WINDOWS
[main] INFO com.codeborne.selenide.webdriver.WebDriverFactory - Selenide v. 5.23.0
[main] INFO com.codeborne.selenide.webdriver.WebDriverFactory - Selenium WebDriver v. 3.141.59 build time: 2018-11-14T08:17:03
[main] INFO com.codeborne.selenide.drivercommands.CreateDriverCommand - Create webdriver in current thread 1: ChromeDriver -> ChromeDriver: chrome on WINDOWS (5d83267af95e169dc520ffb13ccb25d3)
[main] ERROR io.qameta.allure.AllureLifecycle - Could not add attachment: no test is running
[main] ERROR io.qameta.allure.AllureLifecycle - Could not update step: no step running
[main] ERROR io.qameta.allure.AllureLifecycle - Could not stop step: no step running
[main] ERROR io.qameta.allure.AllureLifecycle - Could not start step: no test case running
[main] ERROR io.qameta.allure.AllureLifecycle - Could not add attachment: no test is running
[main] ERROR io.qameta.allure.AllureLifecycle - Could not update step: no step running
[main] ERROR io.qameta.allure.AllureLifecycle - Could not stop step: no step running
[main] ERROR io.qameta.allure.AllureLifecycle - Could not start step: no test case running
[main] ERROR io.qameta.allure.AllureLifecycle - Could not add attachment: no test is running
[main] ERROR io.qameta.allure.AllureLifecycle - Could not update step: no step running
[main] ERROR io.qameta.allure.AllureLifecycle - Could not stop step: no step running
[main] ERROR io.qameta.allure.AllureLifecycle - Could not start step: no test case running
[main] ERROR io.qameta.allure.AllureLifecycle - Could not add attachment: no test is running
[main] ERROR io.qameta.allure.AllureLifecycle - Could not update step: no step running
[main] ERROR io.qameta.allure.AllureLifecycle - Could not stop step: no step running
[main] ERROR io.qameta.allure.AllureLifecycle - Could not start step: no test case running
[main] ERROR io.qameta.allure.AllureLifecycle - Could not add attachment: no test is running
[main] ERROR io.qameta.allure.AllureLifecycle - Could not update step: no step running
[main] ERROR io.qameta.allure.AllureLifecycle - Could not stop step: no step running
[main] ERROR io.qameta.allure.AllureLifecycle - Could not start step: no test case running
[main] ERROR io.qameta.allure.AllureLifecycle - Could not add attachment: no test is running
[main] ERROR io.qameta.allure.AllureLifecycle - Could not update step: no step running
[main] ERROR io.qameta.allure.AllureLifecycle - Could not stop step: no step running
[main] ERROR io.qameta.allure.AllureLifecycle - Could not start step: no test case running
[main] ERROR io.qameta.allure.AllureLifecycle - Could not add attachment: no test is running
[main] ERROR io.qameta.allure.AllureLifecycle - Could not update step: no step running
[main] ERROR io.qameta.allure.AllureLifecycle - Could not stop step: no step running
[main] ERROR io.qameta.allure.AllureLifecycle - Could not start step: no test case running
[main] ERROR io.qameta.allure.AllureLifecycle - Could not add attachment: no test is running
[main] ERROR io.qameta.allure.AllureLifecycle - Could not update step: no step running
[main] ERROR io.qameta.allure.AllureLifecycle - Could not stop step: no step running
[main] ERROR io.qameta.allure.AllureLifecycle - Could not start step: no test case running
[main] ERROR io.qameta.allure.AllureLifecycle - Could not add attachment: no test is running
[main] ERROR io.qameta.allure.AllureLifecycle - Could not update step: no step running
[main] ERROR io.qameta.allure.AllureLifecycle - Could not stop step: no step running
[main] ERROR io.qameta.allure.AllureLifecycle - Could not start step: no test case running
[main] ERROR io.qameta.allure.AllureLifecycle - Could not add attachment: no test is running
[main] ERROR io.qameta.allure.AllureLifecycle - Could not update step: no step running
[main] ERROR io.qameta.allure.AllureLifecycle - Could not stop step: no step running
]]></system-err>
  </testcase>
  <testcase name="can_filter_by_price_kitchen_devices" classname="webshop.FilterSidebarTests" time="5.204"/>
  <testcase name="can_access_pages_from_promos" classname="webshop.FirstPageTests" time="4.382">
    <failure message="List size mismatch: expected: = 3, actual: 0, collection: .promos li&#10;Elements: []&#10;Screenshot: file:/C:/Users/Raluca/Documents/testare/proiect/webshop/QA-webshop/build/reports/tests/1631008643805.0.png&#10;Page source: file:/C:/Users/Raluca/Documents/testare/proiect/webshop/QA-webshop/build/reports/tests/1631008643805.0.html&#10;Timeout: 4 s." type="com.codeborne.selenide.ex.ListSizeMismatch"><![CDATA[com.codeborne.selenide.ex.ListSizeMismatch: 
List size mismatch: expected: = 3, actual: 0, collection: .promos li
Elements: []
Screenshot: file:/C:/Users/Raluca/Documents/testare/proiect/webshop/QA-webshop/build/reports/tests/1631008643805.0.png
Page source: file:/C:/Users/Raluca/Documents/testare/proiect/webshop/QA-webshop/build/reports/tests/1631008643805.0.html
Timeout: 4 s.
	at webshop.FirstPageTests.can_access_pages_from_promos(FirstPageTests.java:39)
]]></failure>
  </testcase>
  <testcase name="can_access_slider_links" classname="webshop.FirstPageTests" time="4.235">
    <failure message="Element not found {.slideshow-container ul.slideshow li.cycle-slide-active a}&#10;Expected: visible&#10;Screenshot: file:/C:/Users/Raluca/Documents/testare/proiect/webshop/QA-webshop/build/reports/tests/1631008648023.1.png&#10;Page source: file:/C:/Users/Raluca/Documents/testare/proiect/webshop/QA-webshop/build/reports/tests/1631008648023.1.html&#10;Timeout: 4 s.&#10;Caused by: NoSuchElementException: no such element: Unable to locate element: {&quot;method&quot;:&quot;css selector&quot;,&quot;selector&quot;:&quot;.slideshow-container ul.slideshow li.cycle-slide-active a&quot;}" type="com.codeborne.selenide.ex.ElementNotFound"><![CDATA[com.codeborne.selenide.ex.ElementNotFound: 
Element not found {.slideshow-container ul.slideshow li.cycle-slide-active a}
Expected: visible
Screenshot: file:/C:/Users/Raluca/Documents/testare/proiect/webshop/QA-webshop/build/reports/tests/1631008648023.1.png
Page source: file:/C:/Users/Raluca/Documents/testare/proiect/webshop/QA-webshop/build/reports/tests/1631008648023.1.html
Timeout: 4 s.
Caused by: NoSuchElementException: no such element: Unable to locate element: {"method":"css selector","selector":".slideshow-container ul.slideshow li.cycle-slide-active a"}
	at webshop.FirstPageTests.can_access_slider_links(FirstPageTests.java:24)
Caused by: org.openqa.selenium.NoSuchElementException: 
no such element: Unable to locate element: {"method":"css selector","selector":".slideshow-container ul.slideshow li.cycle-slide-active a"}
  (Session info: chrome=92.0.4515.159)
For documentation on this error, please visit: https://www.seleniumhq.org/exceptions/no_such_element.html
Build info: version: '3.141.59', revision: 'e82be7d358', time: '2018-11-14T08:17:03'
System info: host: 'DESKTOP-AI7I6V4', ip: '192.168.0.101', os.name: 'Windows 10', os.arch: 'amd64', os.version: '10.0', java.version: '16.0.1'
Driver info: org.openqa.selenium.chrome.ChromeDriver
Capabilities {acceptInsecureCerts: true, browserName: chrome, browserVersion: 92.0.4515.159, chrome: {chromedriverVersion: 92.0.4515.107 (87a818b10553..., userDataDir: C:\Users\Raluca\AppData\Loc...}, goog:chromeOptions: {debuggerAddress: localhost:58893}, javascriptEnabled: true, networkConnectionEnabled: false, pageLoadStrategy: normal, platform: WINDOWS, platformName: WINDOWS, proxy: Proxy(), setWindowRect: true, strictFileInteractability: false, timeouts: {implicit: 0, pageLoad: 300000, script: 30000}, unhandledPromptBehavior: dismiss and notify, webauthn:extension:credBlob: true, webauthn:extension:largeBlob: true, webauthn:virtualAuthenticators: true}
Session ID: 5d83267af95e169dc520ffb13ccb25d3
*** Element info: {Using=css selector, value=.slideshow-container ul.slideshow li.cycle-slide-active a}
	at webshop.FirstPageTests.can_access_slider_links(FirstPageTests.java:24)
]]></failure>
  </testcase>
  <testcase name="can_login_with_valid_credentials[Correct_Login_with_email_test1](1)" classname="webshop.LoginFormTests" time="4.172"/>
  <testcase name="can_logout[Correct_Login_with_email_test1](1)" classname="webshop.LoginFormTests" time="1.351"/>
  <testcase name="cannot_login_with_wrong_password" classname="webshop.LoginFormTests" time="1.604"/>
  <testcase name="cannot_login_without_required_credentials" classname="webshop.LoginFormTests" time="0.579"/>
  <testcase name="click_login_links" classname="webshop.LoginFormTests" time="0.583"/>
  <testcase name="can_access_menu" classname="webshop.MenuItemsTests" time="30.468"/>
  <testcase name="can_register_with_valid_credentials[Correct_register_with_test2](1)" classname="webshop.RegisterFormTests" time="3.547"/>
  <testcase name="can_register_with_valid_credentials[Correct_register_with_test1](2)" classname="webshop.RegisterFormTests" time="3.651"/>
  <testcase name="can_search_by_name[Correct_Search_with_Product1](1)" classname="webshop.SearchProductTests" time="2.34"/>
  <testcase name="can_search_by_name[Correct_Search_with_Product2](2)" classname="webshop.SearchProductTests" time="2.393"/>
  <testcase name="can_add_a_review_to_books" classname="webshop.ShopProductTests" time="8.322"/>
  <testcase name="can_add_to_cart_pants" classname="webshop.ShopProductTests" time="5.755"/>
  <testcase name="can_add_to_cart_shirts_men" classname="webshop.ShopProductTests" time="6.748"/>
  <testcase name="can_add_to_wishlist_men_cloths" classname="webshop.ShopProductTests" time="11.808"/>
  <testcase name="can_change_the_quantity" classname="webshop.ShopProductTests" time="20.36"/>
  <testcase name="can_compare_cosplay_products" classname="webshop.ShopProductTests" time="11.426"/>
  <testcase name="can_delete_items_from_cart" classname="webshop.ShopProductTests" time="26.368"/>
  <testcase name="can_open_tab" classname="webshop.ShopProductTests" time="4.845"/>
  <testcase name="can_shop_little_ones_things" classname="webshop.ShopProductTests" time="13.701"/>
  <testcase name="can_view_old_price_on_sale" classname="webshop.ShopProductTests" time="7.289">
    <failure message="Element not found {.products-grid .price-box p.old-price[2]}&#10;Expected: visible&#10;Screenshot: file:/C:/Users/Raluca/Documents/testare/proiect/webshop/QA-webshop/build/reports/tests/1631008815382.2.png&#10;Page source: file:/C:/Users/Raluca/Documents/testare/proiect/webshop/QA-webshop/build/reports/tests/1631008815382.2.html&#10;Timeout: 4 s.&#10;Caused by: java.lang.IndexOutOfBoundsException: Index 2 out of bounds for length 2" type="com.codeborne.selenide.ex.ElementNotFound"><![CDATA[com.codeborne.selenide.ex.ElementNotFound: 
Element not found {.products-grid .price-box p.old-price[2]}
Expected: visible
Screenshot: file:/C:/Users/Raluca/Documents/testare/proiect/webshop/QA-webshop/build/reports/tests/1631008815382.2.png
Page source: file:/C:/Users/Raluca/Documents/testare/proiect/webshop/QA-webshop/build/reports/tests/1631008815382.2.html
Timeout: 4 s.
Caused by: java.lang.IndexOutOfBoundsException: Index 2 out of bounds for length 2
	at webshop.ShopProductTests.can_view_old_price_on_sale(ShopProductTests.java:61)
Caused by: java.lang.IndexOutOfBoundsException: Index 2 out of bounds for length 2
	at webshop.ShopProductTests.can_view_old_price_on_sale(ShopProductTests.java:61)
]]></failure>
  </testcase>
  <testcase name="verify_success_add_to_cart_msg" classname="webshop.ShopProductTests" time="6.174"/>
</testsuite>